# JRE version: OpenJDK Runtime Environment (11.0.4+11) (build 11.0.4+11-LTS)
# Java VM: OpenJDK 64-Bit Server VM (11.0.4+11-LTS, mixed mode, tiered, compressed oops, g1 gc, windows-amd64)
Heap:
 garbage-first heap   total 248832K, used 11552K [0x0000000741c00000, 0x0000000800000000)
  region size 1024K, 5 young (5120K), 5 survivors (5120K)
 Metaspace       used 27584K, capacity 28399K, committed 28544K, reserved 1075200K
  class space    used 3276K, capacity 3642K, committed 3712K, reserved 1048576K
GC Heap History (9 events):
Event: 0.399 GC heap before
{Heap before GC invocations=0 (full 0):
 garbage-first heap   total 196608K, used 14336K [0x0000000741c00000, 0x0000000800000000)
  region size 1024K, 14 young (14336K), 0 survivors (0K)
 Metaspace       used 9224K, capacity 9403K, committed 9728K, reserved 1058816K
  class space    used 829K, capacity 908K, committed 1024K, reserved 1048576K
}
Event: 0.417 GC heap after
{Heap after GC invocations=1 (full 0):
 garbage-first heap   total 196608K, used 6447K [0x0000000741c00000, 0x0000000800000000)
  region size 1024K, 2 young (2048K), 2 survivors (2048K)
 Metaspace       used 9224K, capacity 9403K, committed 9728K, reserved 1058816K
  class space    used 829K, capacity 908K, committed 1024K, reserved 1048576K
}
Event: 0.735 GC heap before
{Heap before GC invocations=1 (full 0):
 garbage-first heap   total 196608K, used 13615K [0x0000000741c00000, 0x0000000800000000)
  region size 1024K, 9 young (9216K), 2 survivors (2048K)
 Metaspace       used 10804K, capacity 11063K, committed 11136K, reserved 1058816K
  class space    used 1022K, capacity 1105K, committed 1152K, reserved 1048576K
}
Event: 0.737 GC heap after
{Heap after GC invocations=2 (full 0):
 garbage-first heap   total 196608K, used 7665K [0x0000000741c00000, 0x0000000800000000)
  region size 1024K, 1 young (1024K), 1 survivors (1024K)
 Metaspace       used 10804K, capacity 11063K, committed 11136K, reserved 1058816K
  class space    used 1022K, capacity 1105K, committed 1152K, reserved 1048576K
}
Event: 1.550 GC heap before
{Heap before GC invocations=2 (full 0):
 garbage-first heap   total 196608K, used 30193K [0x0000000741c00000, 0x0000000800000000)
  region size 1024K, 23 young (23552K), 1 survivors (1024K)
 Metaspace       used 15246K, capacity 15759K, committed 15872K, reserved 1062912K
  class space    used 1595K, capacity 1784K, committed 1792K, reserved 1048576K
}
Event: 1.554 GC heap after
{Heap after GC invocations=3 (full 0):
 garbage-first heap   total 196608K, used 8617K [0x0000000741c00000, 0x0000000800000000)
  region size 1024K, 2 young (2048K), 2 survivors (2048K)
 Metaspace       used 15246K, capacity 15759K, committed 15872K, reserved 1062912K
  class space    used 1595K, capacity 1784K, committed 1792K, reserved 1048576K
}
Event: 2.496 GC heap before
{Heap before GC invocations=3 (full 0):
 garbage-first heap   total 196608K, used 39337K [0x0000000741c00000, 0x0000000800000000)
  region size 1024K, 34 young (34816K), 2 survivors (2048K)
 Metaspace       used 20497K, capacity 21116K, committed 21248K, reserved 1069056K
  class space    used 2238K, capacity 2485K, committed 2560K, reserved 1048576K
}
Event: 2.502 GC heap after
{Heap after GC invocations=4 (full 0):
 garbage-first heap   total 196608K, used 9830K [0x0000000741c00000, 0x0000000800000000)
  region size 1024K, 3 young (3072K), 3 survivors (3072K)
 Metaspace       used 20497K, capacity 21116K, committed 21248K, reserved 1069056K
  class space    used 2238K, capacity 2485K, committed 2560K, reserved 1048576K
}
Event: 3.301 GC heap before
{Heap before GC invocations=5 (full 0):
 garbage-first heap   total 196608K, used 60006K [0x0000000741c00000, 0x0000000800000000)
  region size 1024K, 52 young (53248K), 3 survivors (3072K)
 Metaspace       used 27584K, capacity 28399K, committed 28544K, reserved 1075200K
  class space    used 3276K, capacity 3642K, committed 3712K, reserved 1048576K
}

